  Исходный код.cpp
C:\Users\MVLVNGO\OneDrive\Documents\ФИЛИМОНОВ\ВУЗ\БАКАЛАВРИАТ\2 КУРС\2 СЕМЕСТР\ООП\Крестики нолики (искусственный интелект) с++\Игра моя\Игра моя\Исходный код.cpp(77,16): error C3861: '_getch': identifier not found
C:\Users\MVLVNGO\OneDrive\Documents\ФИЛИМОНОВ\ВУЗ\БАКАЛАВРИАТ\2 КУРС\2 СЕМЕСТР\ООП\Крестики нолики (искусственный интелект) с++\Игра моя\Игра моя\Исходный код.cpp(88,18): error C3861: '_getch': identifier not found
C:\Users\MVLVNGO\OneDrive\Documents\ФИЛИМОНОВ\ВУЗ\БАКАЛАВРИАТ\2 КУРС\2 СЕМЕСТР\ООП\Крестики нолики (искусственный интелект) с++\Игра моя\Игра моя\Исходный код.cpp(117,6): error C3861: 'Sleep': identifier not found
C:\Users\MVLVNGO\OneDrive\Documents\ФИЛИМОНОВ\ВУЗ\БАКАЛАВРИАТ\2 КУРС\2 СЕМЕСТР\ООП\Крестики нолики (искусственный интелект) с++\Игра моя\Игра моя\Исходный код.cpp(129,6): error C3861: 'Sleep': identifier not found
C:\Users\MVLVNGO\OneDrive\Documents\ФИЛИМОНОВ\ВУЗ\БАКАЛАВРИАТ\2 КУРС\2 СЕМЕСТР\ООП\Крестики нолики (искусственный интелект) с++\Игра моя\Игра моя\Исходный код.cpp(146,18): error C3861: '_getch': identifier not found
C:\Users\MVLVNGO\OneDrive\Documents\ФИЛИМОНОВ\ВУЗ\БАКАЛАВРИАТ\2 КУРС\2 СЕМЕСТР\ООП\Крестики нолики (искусственный интелект) с++\Игра моя\Игра моя\Исходный код.cpp(171,6): error C3861: 'Sleep': identifier not found
C:\Users\MVLVNGO\OneDrive\Documents\ФИЛИМОНОВ\ВУЗ\БАКАЛАВРИАТ\2 КУРС\2 СЕМЕСТР\ООП\Крестики нолики (искусственный интелект) с++\Игра моя\Игра моя\Исходный код.cpp(188,6): error C3861: 'Sleep': identifier not found
C:\Users\MVLVNGO\OneDrive\Documents\ФИЛИМОНОВ\ВУЗ\БАКАЛАВРИАТ\2 КУРС\2 СЕМЕСТР\ООП\Крестики нолики (искусственный интелект) с++\Игра моя\Игра моя\Исходный код.cpp(199,4): error C3861: 'Sleep': identifier not found
C:\Users\MVLVNGO\OneDrive\Documents\ФИЛИМОНОВ\ВУЗ\БАКАЛАВРИАТ\2 КУРС\2 СЕМЕСТР\ООП\Крестики нолики (искусственный интелект) с++\Игра моя\Игра моя\Исходный код.cpp(206,4): error C3861: 'Sleep': identifier not found
C:\Users\MVLVNGO\OneDrive\Documents\ФИЛИМОНОВ\ВУЗ\БАКАЛАВРИАТ\2 КУРС\2 СЕМЕСТР\ООП\Крестики нолики (искусственный интелект) с++\Игра моя\Игра моя\Исходный код.cpp(215,2): error C2065: 'HANDLE': undeclared identifier
C:\Users\MVLVNGO\OneDrive\Documents\ФИЛИМОНОВ\ВУЗ\БАКАЛАВРИАТ\2 КУРС\2 СЕМЕСТР\ООП\Крестики нолики (искусственный интелект) с++\Игра моя\Игра моя\Исходный код.cpp(215,9): error C2146: syntax error: missing ';' before identifier 'hStdOut'
C:\Users\MVLVNGO\OneDrive\Documents\ФИЛИМОНОВ\ВУЗ\БАКАЛАВРИАТ\2 КУРС\2 СЕМЕСТР\ООП\Крестики нолики (искусственный интелект) с++\Игра моя\Игра моя\Исходный код.cpp(215,9): error C2065: 'hStdOut': undeclared identifier
C:\Users\MVLVNGO\OneDrive\Documents\ФИЛИМОНОВ\ВУЗ\БАКАЛАВРИАТ\2 КУРС\2 СЕМЕСТР\ООП\Крестики нолики (искусственный интелект) с++\Игра моя\Игра моя\Исходный код.cpp(215,32): error C2065: 'STD_OUTPUT_HANDLE': undeclared identifier
C:\Users\MVLVNGO\OneDrive\Documents\ФИЛИМОНОВ\ВУЗ\БАКАЛАВРИАТ\2 КУРС\2 СЕМЕСТР\ООП\Крестики нолики (искусственный интелект) с++\Игра моя\Игра моя\Исходный код.cpp(215,19): error C3861: 'GetStdHandle': identifier not found
C:\Users\MVLVNGO\OneDrive\Documents\ФИЛИМОНОВ\ВУЗ\БАКАЛАВРИАТ\2 КУРС\2 СЕМЕСТР\ООП\Крестики нолики (искусственный интелект) с++\Игра моя\Игра моя\Исходный код.cpp(216,26): error C2065: 'hStdOut': undeclared identifier
C:\Users\MVLVNGO\OneDrive\Documents\ФИЛИМОНОВ\ВУЗ\БАКАЛАВРИАТ\2 КУРС\2 СЕМЕСТР\ООП\Крестики нолики (искусственный интелект) с++\Игра моя\Игра моя\Исходный код.cpp(216,36): error C2065: 'WORD': undeclared identifier
C:\Users\MVLVNGO\OneDrive\Documents\ФИЛИМОНОВ\ВУЗ\БАКАЛАВРИАТ\2 КУРС\2 СЕМЕСТР\ООП\Крестики нолики (искусственный интелект) с++\Игра моя\Игра моя\Исходный код.cpp(216,2): error C3861: 'SetConsoleTextAttribute': identifier not found
C:\Users\MVLVNGO\OneDrive\Documents\ФИЛИМОНОВ\ВУЗ\БАКАЛАВРИАТ\2 КУРС\2 СЕМЕСТР\ООП\Крестики нолики (искусственный интелект) с++\Игра моя\Игра моя\Исходный код.cpp(296,10): error C3861: '_getch': identifier not found
C:\Users\MVLVNGO\OneDrive\Documents\ФИЛИМОНОВ\ВУЗ\БАКАЛАВРИАТ\2 КУРС\2 СЕМЕСТР\ООП\Крестики нолики (искусственный интелект) с++\Игра моя\Игра моя\Исходный код.cpp(308,10): error C3861: '_getch': identifier not found
C:\Users\MVLVNGO\OneDrive\Documents\ФИЛИМОНОВ\ВУЗ\БАКАЛАВРИАТ\2 КУРС\2 СЕМЕСТР\ООП\Крестики нолики (искусственный интелект) с++\Игра моя\Игра моя\Исходный код.cpp(358,10): error C3861: '_getch': identifier not found
C:\Users\MVLVNGO\OneDrive\Documents\ФИЛИМОНОВ\ВУЗ\БАКАЛАВРИАТ\2 КУРС\2 СЕМЕСТР\ООП\Крестики нолики (искусственный интелект) с++\Игра моя\Игра моя\Исходный код.cpp(370,14): error C3861: '_getch': identifier not found
C:\Users\MVLVNGO\OneDrive\Documents\ФИЛИМОНОВ\ВУЗ\БАКАЛАВРИАТ\2 КУРС\2 СЕМЕСТР\ООП\Крестики нолики (искусственный интелект) с++\Игра моя\Игра моя\Исходный код.cpp(384,3): error C3861: 'Sleep': identifier not found
C:\Users\MVLVNGO\OneDrive\Documents\ФИЛИМОНОВ\ВУЗ\БАКАЛАВРИАТ\2 КУРС\2 СЕМЕСТР\ООП\Крестики нолики (искусственный интелект) с++\Игра моя\Игра моя\Исходный код.cpp(390,3): error C3861: 'Sleep': identifier not found
C:\Users\MVLVNGO\OneDrive\Documents\ФИЛИМОНОВ\ВУЗ\БАКАЛАВРИАТ\2 КУРС\2 СЕМЕСТР\ООП\Крестики нолики (искусственный интелект) с++\Игра моя\Игра моя\Исходный код.cpp(401,3): error C3861: 'Sleep': identifier not found
C:\Users\MVLVNGO\OneDrive\Documents\ФИЛИМОНОВ\ВУЗ\БАКАЛАВРИАТ\2 КУРС\2 СЕМЕСТР\ООП\Крестики нолики (искусственный интелект) с++\Игра моя\Игра моя\Исходный код.cpp(407,3): error C3861: 'Sleep': identifier not found
C:\Users\MVLVNGO\OneDrive\Documents\ФИЛИМОНОВ\ВУЗ\БАКАЛАВРИАТ\2 КУРС\2 СЕМЕСТР\ООП\Крестики нолики (искусственный интелект) с++\Игра моя\Игра моя\Исходный код.cpp(499,7): error C3861: '_getch': identifier not found
C:\Users\MVLVNGO\OneDrive\Documents\ФИЛИМОНОВ\ВУЗ\БАКАЛАВРИАТ\2 КУРС\2 СЕМЕСТР\ООП\Крестики нолики (искусственный интелект) с++\Игра моя\Игра моя\Исходный код.cpp(500,32): error C3861: '_getch': identifier not found
C:\Users\MVLVNGO\OneDrive\Documents\ФИЛИМОНОВ\ВУЗ\БАКАЛАВРИАТ\2 КУРС\2 СЕМЕСТР\ООП\Крестики нолики (искусственный интелект) с++\Игра моя\Игра моя\Исходный код.cpp(631,2): error C3861: 'Sleep': identifier not found
C:\Users\MVLVNGO\OneDrive\Documents\ФИЛИМОНОВ\ВУЗ\БАКАЛАВРИАТ\2 КУРС\2 СЕМЕСТР\ООП\Крестики нолики (искусственный интелект) с++\Игра моя\Игра моя\Исходный код.cpp(660,2): error C3861: 'Sleep': identifier not found
C:\Users\MVLVNGO\OneDrive\Documents\ФИЛИМОНОВ\ВУЗ\БАКАЛАВРИАТ\2 КУРС\2 СЕМЕСТР\ООП\Крестики нолики (искусственный интелект) с++\Игра моя\Игра моя\Исходный код.cpp(734,2): error C3861: 'Sleep': identifier not found
